***** This is merge_sgt
      Running on node= maui01 rank= 0

**** Files to process are (filelist= filelist.fz):
     ./OutBin/AAA-fz_sgt-00022.e3d
     ./OutBin/AAA-fz_sgt-00029.e3d
     ./OutBin/AAA-fz_sgt-00030.e3d
     ./OutBin/AAA-fz_sgt-00035.e3d
     ./OutBin/AAA-fz_sgt-00036.e3d
     ./OutBin/AAA-fz_sgt-00037.e3d
     ./OutBin/AAA-fz_sgt-00043.e3d
     ./OutBin/AAA-fz_sgt-00048.e3d
     ./OutBin/AAA-fz_sgt-00049.e3d
     ./OutBin/AAA-fz_sgt-00051.e3d
     ./OutBin/AAA-fz_sgt-00052.e3d

processing file= ./OutBin/AAA-fz_sgt-00022.e3d
   geoproj=             1
   modellon=    173.09991
   modellat=    -42.09995
   modelrot=      0.00000
   xshift=     -176.00000
   yshift=     -176.00000
   globnp=             27
   localnp=             6
   nt=               2500
   *** reading global indices ... done
   *** reading headers ... done
        1 of 6 (local_indx= 013200650009 global_indx= 013200650009 xyz=  132  65   9)
        2 of 6 (local_indx= 013300650010 global_indx= 013300650010 xyz=  133  65  10)
        3 of 6 (local_indx= 013600640010 global_indx= 013600640010 xyz=  136  64  10)
        4 of 6 (local_indx= 013700640008 global_indx= 013700640008 xyz=  137  64   8)
        5 of 6 (local_indx= 013800520006 global_indx= 013800520006 xyz=  138  52   6)
        6 of 6 (local_indx= 014300550010 global_indx= 014300550010 xyz=  143  55  10)
processing file= ./OutBin/AAA-fz_sgt-00029.e3d
   geoproj=             1
   modellon=    173.09991
   modellat=    -42.09995
   modelrot=      0.00000
   xshift=     -176.00000
   yshift=     -176.00000
   globnp=             27
   localnp=             3
   nt=               2500
   *** reading global indices ... done
   *** reading headers ... done
        1 of 3 (local_indx= 012400740007 global_indx= 012400740007 xyz=  124  74   7)
        2 of 3 (local_indx= 012500700004 global_indx= 012500700004 xyz=  125  70   4)
        3 of 3 (local_indx= 012700690008 global_indx= 012700690008 xyz=  127  69   8)
processing file= ./OutBin/AAA-fz_sgt-00030.e3d
   geoproj=             1
   modellon=    173.09991
   modellat=    -42.09995
   modelrot=      0.00000
   xshift=     -176.00000
   yshift=     -176.00000
   globnp=             27
   localnp=             2
   nt=               2500
   *** reading global indices ... done
   *** reading headers ... done
        1 of 2 (local_indx= 013700680009 global_indx= 013700680009 xyz=  137  68   9)
        2 of 2 (local_indx= 013800690010 global_indx= 013800690010 xyz=  138  69  10)
processing file= ./OutBin/AAA-fz_sgt-00035.e3d
   geoproj=             1
   modellon=    173.09991
   modellat=    -42.09995
   modelrot=      0.00000
   xshift=     -176.00000
   yshift=     -176.00000
   globnp=             27
   localnp=             1
   nt=               2500
   *** reading global indices ... done
   *** reading headers ... done
        1 of 1 (local_indx= 008600970007 global_indx= 008600970007 xyz=   86  97   7)
processing file= ./OutBin/AAA-fz_sgt-00036.e3d
   geoproj=             1
   modellon=    173.09991
   modellat=    -42.09995
   modelrot=      0.00000
   xshift=     -176.00000
   yshift=     -176.00000
   globnp=             27
   localnp=             3
   nt=               2500
   *** reading global indices ... done
   *** reading headers ... done
        1 of 3 (local_indx= 009301040007 global_indx= 009301040007 xyz=   93 104   7)
        2 of 3 (local_indx= 010800910004 global_indx= 010800910004 xyz=  108  91   4)
        3 of 3 (local_indx= 010900970010 global_indx= 010900970010 xyz=  109  97  10)
processing file= ./OutBin/AAA-fz_sgt-00037.e3d
   geoproj=             1
   modellon=    173.09991
   modellat=    -42.09995
   modelrot=      0.00000
   xshift=     -176.00000
   yshift=     -176.00000
   globnp=             27
   localnp=             5
   nt=               2500
   *** reading global indices ... done
   *** reading headers ... done
        1 of 5 (local_indx= 011100970004 global_indx= 011100970004 xyz=  111  97   4)
        2 of 5 (local_indx= 011400960009 global_indx= 011400960009 xyz=  114  96   9)
        3 of 5 (local_indx= 011501030006 global_indx= 011501030006 xyz=  115 103   6)
        4 of 5 (local_indx= 011800980008 global_indx= 011800980008 xyz=  118  98   8)
        5 of 5 (local_indx= 012301000009 global_indx= 012301000009 xyz=  123 100   9)
processing file= ./OutBin/AAA-fz_sgt-00043.e3d
   geoproj=             1
   modellon=    173.09991
   modellat=    -42.09995
   modelrot=      0.00000
   xshift=     -176.00000
   yshift=     -176.00000
   globnp=             27
   localnp=             2
   nt=               2500
   *** reading global indices ... done
   *** reading headers ... done
        1 of 2 (local_indx= 007201200005 global_indx= 007201200005 xyz=   72 120   5)
        2 of 2 (local_indx= 007701240007 global_indx= 007701240007 xyz=   77 124   7)
processing file= ./OutBin/AAA-fz_sgt-00048.e3d
   geoproj=             1
   modellon=    173.09991
   modellat=    -42.09995
   modelrot=      0.00000
   xshift=     -176.00000
   yshift=     -176.00000
   globnp=             27
   localnp=             1
   nt=               2500
   *** reading global indices ... done
   *** reading headers ... done
        1 of 1 (local_indx= 001401420005 global_indx= 001401420005 xyz=   14 142   5)
processing file= ./OutBin/AAA-fz_sgt-00049.e3d
   geoproj=             1
   modellon=    173.09991
   modellat=    -42.09995
   modelrot=      0.00000
   xshift=     -176.00000
   yshift=     -176.00000
   globnp=             27
   localnp=             2
   nt=               2500
   *** reading global indices ... done
   *** reading headers ... done
        1 of 2 (local_indx= 003001450005 global_indx= 003001450005 xyz=   30 145   5)
        2 of 2 (local_indx= 004301480005 global_indx= 004301480005 xyz=   43 148   5)
processing file= ./OutBin/AAA-fz_sgt-00051.e3d
   geoproj=             1
   modellon=    173.09991
   modellat=    -42.09995
   modelrot=      0.00000
   xshift=     -176.00000
   yshift=     -176.00000
   globnp=             27
   localnp=             1
   nt=               2500
   *** reading global indices ... done
   *** reading headers ... done
        1 of 1 (local_indx= 008401350003 global_indx= 008401350003 xyz=   84 135   3)
processing file= ./OutBin/AAA-fz_sgt-00052.e3d
   geoproj=             1
   modellon=    173.09991
   modellat=    -42.09995
   modelrot=      0.00000
   xshift=     -176.00000
   yshift=     -176.00000
   globnp=             27
   localnp=             1
   nt=               2500
   *** reading global indices ... done
   *** reading headers ... done
        1 of 1 (local_indx= 008801360004 global_indx= 008801360004 xyz=   88 136   4)
